2019-03-21 23:08:05.146  INFO [gateway-service,,,] 4050 --- [restartedMain] c.n.m.s.g.GatewayServiceApplication      : No active profile set, falling back to default profiles: default
2019-03-21 23:08:05.161  INFO [gateway-service,,,] 4050 --- [restartedMain] onfigReactiveWebServerApplicationContext : Refreshing org.springframework.boot.web.reactive.context.AnnotationConfigReactiveWebServerApplicationContext@2b9159e9: startup date [Thu Mar 21 23:08:05 BRT 2019]; parent: org.springframework.context.annotation.AnnotationConfigApplicationContext@34862345
2019-03-21 23:08:06.218  INFO [gateway-service,,,] 4050 --- [restartedMain] o.s.cloud.context.scope.GenericScope     : BeanFactory id=b1bc805d-f626-33bd-89ef-d0c546ce42eb
2019-03-21 23:08:06.253  INFO [gateway-service,,,] 4050 --- [restartedMain] f.a.AutowiredAnnotationBeanPostProcessor : JSR-330 'javax.inject.Inject' annotation found and supported for autowiring
2019-03-21 23:08:06.575  INFO [gateway-service,,,] 4050 --- [restartedMain] trationDelegate$BeanPostProcessorChecker : Bean 'org.springframework.cloud.autoconfigure.ConfigurationPropertiesRebinderAutoConfiguration' of type [org.springframework.cloud.autoconfigure.ConfigurationPropertiesRebinderAutoConfiguration$$EnhancerBySpringCGLIB$$6992e83a] is not eligible for getting processed by all BeanPostProcessors (for example: not eligible for auto-proxying)
2019-03-21 23:08:07.135  INFO [gateway-service,,,] 4050 --- [restartedMain] o.s.w.r.handler.SimpleUrlHandlerMapping  : Mapped URL path [/webjars/**] onto handler of type [class org.springframework.web.reactive.resource.ResourceWebHandler]
2019-03-21 23:08:07.136  INFO [gateway-service,,,] 4050 --- [restartedMain] o.s.w.r.handler.SimpleUrlHandlerMapping  : Mapped URL path [/**] onto handler of type [class org.springframework.web.reactive.resource.ResourceWebHandler]
2019-03-21 23:08:07.692  INFO [gateway-service,,,] 4050 --- [restartedMain] o.s.aop.framework.CglibAopProxy          : Final method [public final reactor.core.publisher.Mono reactor.ipc.netty.http.client.HttpClient.get(java.lang.String)] cannot get proxied via CGLIB: Calls to this method will NOT be routed to the target instance and might lead to NPEs against uninitialized fields in the proxy instance.
2019-03-21 23:08:07.692  INFO [gateway-service,,,] 4050 --- [restartedMain] o.s.aop.framework.CglibAopProxy          : Final method [public final reactor.core.publisher.Mono reactor.ipc.netty.http.client.HttpClient.get(java.lang.String,java.util.function.Function)] cannot get proxied via CGLIB: Calls to this method will NOT be routed to the target instance and might lead to NPEs against uninitialized fields in the proxy instance.
2019-03-21 23:08:07.692  INFO [gateway-service,,,] 4050 --- [restartedMain] o.s.aop.framework.CglibAopProxy          : Final method [public final reactor.core.publisher.Mono reactor.ipc.netty.http.client.HttpClient.put(java.lang.String,java.util.function.Function)] cannot get proxied via CGLIB: Calls to this method will NOT be routed to the target instance and might lead to NPEs against uninitialized fields in the proxy instance.
2019-03-21 23:08:07.692  INFO [gateway-service,,,] 4050 --- [restartedMain] o.s.aop.framework.CglibAopProxy          : Final method [public final reactor.core.publisher.Mono reactor.ipc.netty.http.client.HttpClient.delete(java.lang.String)] cannot get proxied via CGLIB: Calls to this method will NOT be routed to the target instance and might lead to NPEs against uninitialized fields in the proxy instance.
2019-03-21 23:08:07.692  INFO [gateway-service,,,] 4050 --- [restartedMain] o.s.aop.framework.CglibAopProxy          : Final method [public final reactor.core.publisher.Mono reactor.ipc.netty.http.client.HttpClient.delete(java.lang.String,java.util.function.Function)] cannot get proxied via CGLIB: Calls to this method will NOT be routed to the target instance and might lead to NPEs against uninitialized fields in the proxy instance.
2019-03-21 23:08:07.693  INFO [gateway-service,,,] 4050 --- [restartedMain] o.s.aop.framework.CglibAopProxy          : Final method [public final reactor.core.publisher.Mono reactor.ipc.netty.http.client.HttpClient.patch(java.lang.String)] cannot get proxied via CGLIB: Calls to this method will NOT be routed to the target instance and might lead to NPEs against uninitialized fields in the proxy instance.
2019-03-21 23:08:07.693  INFO [gateway-service,,,] 4050 --- [restartedMain] o.s.aop.framework.CglibAopProxy          : Final method [public final reactor.core.publisher.Mono reactor.ipc.netty.http.client.HttpClient.patch(java.lang.String,java.util.function.Function)] cannot get proxied via CGLIB: Calls to this method will NOT be routed to the target instance and might lead to NPEs against uninitialized fields in the proxy instance.
2019-03-21 23:08:07.693  INFO [gateway-service,,,] 4050 --- [restartedMain] o.s.aop.framework.CglibAopProxy          : Final method [public final reactor.core.publisher.Mono reactor.ipc.netty.http.client.HttpClient.post(java.lang.String,java.util.function.Function)] cannot get proxied via CGLIB: Calls to this method will NOT be routed to the target instance and might lead to NPEs against uninitialized fields in the proxy instance.
2019-03-21 23:08:07.693  INFO [gateway-service,,,] 4050 --- [restartedMain] o.s.aop.framework.CglibAopProxy          : Final method [public final reactor.core.publisher.Mono reactor.ipc.netty.http.client.HttpClient.ws(java.lang.String)] cannot get proxied via CGLIB: Calls to this method will NOT be routed to the target instance and might lead to NPEs against uninitialized fields in the proxy instance.
2019-03-21 23:08:07.693  INFO [gateway-service,,,] 4050 --- [restartedMain] o.s.aop.framework.CglibAopProxy          : Final method [public final reactor.core.publisher.Mono reactor.ipc.netty.http.client.HttpClient.ws(java.lang.String,java.lang.String)] cannot get proxied via CGLIB: Calls to this method will NOT be routed to the target instance and might lead to NPEs against uninitialized fields in the proxy instance.
2019-03-21 23:08:07.694  INFO [gateway-service,,,] 4050 --- [restartedMain] o.s.aop.framework.CglibAopProxy          : Final method [public final reactor.core.publisher.Mono reactor.ipc.netty.http.client.HttpClient.ws(java.lang.String,java.util.function.Consumer,java.lang.String)] cannot get proxied via CGLIB: Calls to this method will NOT be routed to the target instance and might lead to NPEs against uninitialized fields in the proxy instance.
2019-03-21 23:08:07.694  INFO [gateway-service,,,] 4050 --- [restartedMain] o.s.aop.framework.CglibAopProxy          : Final method [public final reactor.core.publisher.Mono reactor.ipc.netty.http.client.HttpClient.ws(java.lang.String,java.util.function.Consumer)] cannot get proxied via CGLIB: Calls to this method will NOT be routed to the target instance and might lead to NPEs against uninitialized fields in the proxy instance.
2019-03-21 23:08:08.433  INFO [gateway-service,,,] 4050 --- [restartedMain] o.s.c.g.r.RouteDefinitionRouteLocator    : Loaded RoutePredicateFactory [After]
2019-03-21 23:08:08.433  INFO [gateway-service,,,] 4050 --- [restartedMain] o.s.c.g.r.RouteDefinitionRouteLocator    : Loaded RoutePredicateFactory [Before]
2019-03-21 23:08:08.433  INFO [gateway-service,,,] 4050 --- [restartedMain] o.s.c.g.r.RouteDefinitionRouteLocator    : Loaded RoutePredicateFactory [Between]
2019-03-21 23:08:08.433  INFO [gateway-service,,,] 4050 --- [restartedMain] o.s.c.g.r.RouteDefinitionRouteLocator    : Loaded RoutePredicateFactory [Cookie]
2019-03-21 23:08:08.434  INFO [gateway-service,,,] 4050 --- [restartedMain] o.s.c.g.r.RouteDefinitionRouteLocator    : Loaded RoutePredicateFactory [Header]
2019-03-21 23:08:08.434  INFO [gateway-service,,,] 4050 --- [restartedMain] o.s.c.g.r.RouteDefinitionRouteLocator    : Loaded RoutePredicateFactory [Host]
2019-03-21 23:08:08.434  INFO [gateway-service,,,] 4050 --- [restartedMain] o.s.c.g.r.RouteDefinitionRouteLocator    : Loaded RoutePredicateFactory [Method]
2019-03-21 23:08:08.434  INFO [gateway-service,,,] 4050 --- [restartedMain] o.s.c.g.r.RouteDefinitionRouteLocator    : Loaded RoutePredicateFactory [Path]
2019-03-21 23:08:08.434  INFO [gateway-service,,,] 4050 --- [restartedMain] o.s.c.g.r.RouteDefinitionRouteLocator    : Loaded RoutePredicateFactory [Query]
2019-03-21 23:08:08.434  INFO [gateway-service,,,] 4050 --- [restartedMain] o.s.c.g.r.RouteDefinitionRouteLocator    : Loaded RoutePredicateFactory [ReadBodyPredicateFactory]
2019-03-21 23:08:08.434  INFO [gateway-service,,,] 4050 --- [restartedMain] o.s.c.g.r.RouteDefinitionRouteLocator    : Loaded RoutePredicateFactory [RemoteAddr]
2019-03-21 23:08:08.434  INFO [gateway-service,,,] 4050 --- [restartedMain] o.s.c.g.r.RouteDefinitionRouteLocator    : Loaded RoutePredicateFactory [Weight]
2019-03-21 23:08:08.435  INFO [gateway-service,,,] 4050 --- [restartedMain] o.s.c.g.r.RouteDefinitionRouteLocator    : Loaded RoutePredicateFactory [CloudFoundryRouteService]
2019-03-21 23:08:08.520  INFO [gateway-service,,,] 4050 --- [restartedMain] o.s.w.r.r.m.a.ControllerMethodResolver   : Looking for @ControllerAdvice: org.springframework.boot.web.reactive.context.AnnotationConfigReactiveWebServerApplicationContext@2b9159e9: startup date [Thu Mar 21 23:08:05 BRT 2019]; parent: org.springframework.context.annotation.AnnotationConfigApplicationContext@34862345
2019-03-21 23:08:08.711  WARN [gateway-service,,,] 4050 --- [restartedMain] c.n.c.sources.URLConfigurationSource     : No URLs will be polled as dynamic configuration sources.
2019-03-21 23:08:08.711  INFO [gateway-service,,,] 4050 --- [restartedMain] c.n.c.sources.URLConfigurationSource     : To enable URLs as dynamic configuration sources, define System property archaius.configurationSource.additionalUrls or make config.properties available on classpath.
2019-03-21 23:08:08.717  WARN [gateway-service,,,] 4050 --- [restartedMain] c.n.c.sources.URLConfigurationSource     : No URLs will be polled as dynamic configuration sources.
2019-03-21 23:08:08.717  INFO [gateway-service,,,] 4050 --- [restartedMain] c.n.c.sources.URLConfigurationSource     : To enable URLs as dynamic configuration sources, define System property archaius.configurationSource.additionalUrls or make config.properties available on classpath.
2019-03-21 23:08:09.623  WARN [gateway-service,,,] 4050 --- [restartedMain] o.s.b.d.a.OptionalLiveReloadServer       : Unable to start LiveReload server
2019-03-21 23:08:09.929  INFO [gateway-service,,,] 4050 --- [restartedMain] o.s.j.e.a.AnnotationMBeanExporter        : Registering beans for JMX exposure on startup
2019-03-21 23:08:09.946  INFO [gateway-service,,,] 4050 --- [restartedMain] o.s.j.e.a.AnnotationMBeanExporter        : Bean with name 'refreshScope' has been autodetected for JMX exposure
2019-03-21 23:08:09.950  INFO [gateway-service,,,] 4050 --- [restartedMain] o.s.j.e.a.AnnotationMBeanExporter        : Bean with name 'configurationPropertiesRebinder' has been autodetected for JMX exposure
2019-03-21 23:08:09.950  INFO [gateway-service,,,] 4050 --- [restartedMain] o.s.j.e.a.AnnotationMBeanExporter        : Bean with name 'environmentManager' has been autodetected for JMX exposure
2019-03-21 23:08:09.956  INFO [gateway-service,,,] 4050 --- [restartedMain] o.s.j.e.a.AnnotationMBeanExporter        : Located managed bean 'environmentManager': registering with JMX server as MBean [org.springframework.cloud.context.environment:name=environmentManager,type=EnvironmentManager]
2019-03-21 23:08:09.974  INFO [gateway-service,,,] 4050 --- [restartedMain] o.s.j.e.a.AnnotationMBeanExporter        : Located managed bean 'refreshScope': registering with JMX server as MBean [org.springframework.cloud.context.scope.refresh:name=refreshScope,type=RefreshScope]
2019-03-21 23:08:09.989  INFO [gateway-service,,,] 4050 --- [restartedMain] o.s.j.e.a.AnnotationMBeanExporter        : Located managed bean 'configurationPropertiesRebinder': registering with JMX server as MBean [org.springframework.cloud.context.properties:name=configurationPropertiesRebinder,context=2b9159e9,type=ConfigurationPropertiesRebinder]
2019-03-21 23:08:10.017  INFO [gateway-service,,,] 4050 --- [restartedMain] o.s.c.support.DefaultLifecycleProcessor  : Starting beans in phase 0
2019-03-21 23:08:10.035  INFO [gateway-service,,,] 4050 --- [restartedMain] o.s.c.n.eureka.InstanceInfoFactory       : Setting initial instance status as: STARTING
2019-03-21 23:08:10.081  INFO [gateway-service,,,] 4050 --- [restartedMain] com.netflix.discovery.DiscoveryClient    : Initializing Eureka in region us-east-1
2019-03-21 23:08:10.166  INFO [gateway-service,,,] 4050 --- [restartedMain] c.n.d.provider.DiscoveryJerseyProvider   : Using JSON encoding codec LegacyJacksonJson
2019-03-21 23:08:10.166  INFO [gateway-service,,,] 4050 --- [restartedMain] c.n.d.provider.DiscoveryJerseyProvider   : Using JSON decoding codec LegacyJacksonJson
2019-03-21 23:08:10.328  INFO [gateway-service,,,] 4050 --- [restartedMain] c.n.d.provider.DiscoveryJerseyProvider   : Using XML encoding codec XStreamXml
2019-03-21 23:08:10.328  INFO [gateway-service,,,] 4050 --- [restartedMain] c.n.d.provider.DiscoveryJerseyProvider   : Using XML decoding codec XStreamXml
2019-03-21 23:08:10.554  INFO [gateway-service,,,] 4050 --- [restartedMain] c.n.d.s.r.aws.ConfigClusterResolver      : Resolving eureka endpoints via configuration
2019-03-21 23:08:10.569  INFO [gateway-service,,,] 4050 --- [restartedMain] com.netflix.discovery.DiscoveryClient    : Starting heartbeat executor: renew interval is: 30
2019-03-21 23:08:10.572  INFO [gateway-service,,,] 4050 --- [restartedMain] c.n.discovery.InstanceInfoReplicator     : InstanceInfoReplicator onDemand update allowed rate per min is 4
2019-03-21 23:08:10.577  INFO [gateway-service,,,] 4050 --- [restartedMain] com.netflix.discovery.DiscoveryClient    : Discovery Client initialized at timestamp 1553220490575 with initial instances count: 0
2019-03-21 23:08:10.587  INFO [gateway-service,,,] 4050 --- [restartedMain] o.s.c.n.e.s.EurekaServiceRegistry        : Registering application gateway-service with eureka with status UP
2019-03-21 23:08:10.588  INFO [gateway-service,,,] 4050 --- [restartedMain] com.netflix.discovery.DiscoveryClient    : Saw local status change event StatusChangeEvent [timestamp=1553220490588, current=UP, previous=STARTING]
2019-03-21 23:08:10.590  INFO [gateway-service,,,] 4050 --- [DiscoveryClient-InstanceInfoReplicator-0] com.netflix.discovery.DiscoveryClient    : DiscoveryClient_GATEWAY-SERVICE/192.168.1.104:gateway-service:9092: registering service...
2019-03-21 23:08:10.745  INFO [gateway-service,,,] 4050 --- [reactor-http-nio-1] r.ipc.netty.tcp.BlockingNettyContext     : Started HttpServer on /0:0:0:0:0:0:0:0:9092
2019-03-21 23:08:10.745  INFO [gateway-service,,,] 4050 --- [restartedMain] o.s.b.web.embedded.netty.NettyWebServer  : Netty started on port(s): 9092
2019-03-21 23:08:10.748  INFO [gateway-service,,,] 4050 --- [restartedMain] .s.c.n.e.s.EurekaAutoServiceRegistration : Updating port to 9092
2019-03-21 23:08:10.753  INFO [gateway-service,,,] 4050 --- [DiscoveryClient-InstanceInfoReplicator-0] com.netflix.discovery.DiscoveryClient    : DiscoveryClient_GATEWAY-SERVICE/192.168.1.104:gateway-service:9092 - registration status: 204
2019-03-21 23:08:10.754  INFO [gateway-service,,,] 4050 --- [restartedMain] c.n.m.s.g.GatewayServiceApplication      : Started GatewayServiceApplication in 8.841 seconds (JVM running for 10.137)
2019-03-21 23:13:10.589  INFO [gateway-service,,,] 4050 --- [AsyncResolver-bootstrap-executor-0] c.n.d.s.r.aws.ConfigClusterResolver      : Resolving eureka endpoints via configuration
2019-03-21 23:18:10.584  INFO [gateway-service,,,] 4050 --- [AsyncResolver-bootstrap-executor-0] c.n.d.s.r.aws.ConfigClusterResolver      : Resolving eureka endpoints via configuration
2019-03-21 23:23:10.584  INFO [gateway-service,,,] 4050 --- [AsyncResolver-bootstrap-executor-0] c.n.d.s.r.aws.ConfigClusterResolver      : Resolving eureka endpoints via configuration
